<?xml version="1.0" encoding="UTF-8"?>
<!-- Generated by org.testng.reporters.JUnitReportReporter -->
<testsuite hostname="user-PC" name="WorkInProgress.ScreenshootGoogle" tests="1" failures="0" timestamp="5 Nov 2015 18:09:25 GMT" time="20.898" errors="0">
  <testcase name="TestJavaS1" time="20.898" classname="WorkInProgress.ScreenshootGoogle"/>
</testsuite> <!-- WorkInProgress.ScreenshootGoogle -->
