<?xml version="1.0" encoding="UTF-8"?>
<!-- Generated by org.testng.reporters.JUnitReportReporter -->
<testsuite hostname="user-PC" name="wetravelto_selenium.SignUpWithEmail_TooltipValid_SpecChar_Test" tests="4" failures="0" timestamp="4 Dec 2015 23:30:19 GMT" time="18.259" errors="0">
  <testcase name="WT_SU_01_00_00_00test" time="2.339" classname="wetravelto_selenium.SignUpWithEmail_TooltipValid_SpecChar_Test"/>
  <testcase name="WT_SU_01_00_00_02_Test" time="12.849" classname="wetravelto_selenium.SignUpWithEmail_TooltipValid_SpecChar_Test"/>
  <testcase name="WT_SU_01_00_00_03_Test" time="0.572" classname="wetravelto_selenium.SignUpWithEmail_TooltipValid_SpecChar_Test"/>
  <testcase name="Email_SpecChar_TooltipValidation_Test" time="2.499" classname="wetravelto_selenium.SignUpWithEmail_TooltipValid_SpecChar_Test"/>
</testsuite> <!-- wetravelto_selenium.SignUpWithEmail_TooltipValid_SpecChar_Test -->
