<?xml version="1.0" encoding="UTF-8"?>
<!-- Generated by org.testng.reporters.JUnitReportReporter -->
<testsuite hostname="user-PC" name="wetravelto_selenium.signUpTest" tests="4" failures="0" timestamp="17 Nov 2015 07:24:59 GMT" time="16.137" errors="0">
  <testcase name="WT_SU_01_00_01_test" time="6.080" classname="wetravelto_selenium.signUpTest"/>
  <testcase name="WT_SU_01_00_00_test" time="1.770" classname="wetravelto_selenium.signUpTest"/>
  <testcase name="WT_SU_01_00_00_test" time="1.928" classname="wetravelto_selenium.signUpTest"/>
  <testcase name="WT_SU_01_00_01_test" time="6.359" classname="wetravelto_selenium.signUpTest"/>
</testsuite> <!-- wetravelto_selenium.signUpTest -->
