<?xml version="1.0" encoding="UTF-8"?>
<!-- Generated by org.testng.reporters.JUnitReportReporter -->
<testsuite hostname="user-PC" name="workInProgress.XpathTest1" tests="1" failures="0" timestamp="30 Oct 2015 03:25:02 GMT" time="9.555" errors="0">
  <testcase name="shouldNotSelectIgnoredTag" time="9.555" classname="workInProgress.XpathTest1"/>
</testsuite> <!-- workInProgress.XpathTest1 -->
