<?xml version="1.0" encoding="UTF-8"?>
<!-- Generated by org.testng.reporters.JUnitReportReporter -->
<testsuite hostname="user-PC" name="wetravelto_selenium.TestNgMavenSecondClass" tests="1" failures="0" timestamp="10 Nov 2015 09:40:30 GMT" time="0.030" errors="0">
  <testcase name="oneMoreTest" time="0.030" classname="wetravelto_selenium.TestNgMavenSecondClass"/>
</testsuite> <!-- wetravelto_selenium.TestNgMavenSecondClass -->
