<?xml version="1.0" encoding="UTF-8"?>
<!-- Generated by org.testng.reporters.JUnitReportReporter -->
<testsuite hostname="user-PC" name="WorkInProgress.Screenshootwetravelto" tests="1" failures="0" timestamp="10 Nov 2015 09:01:22 GMT" time="29.148" errors="0">
  <testcase name="TestJavaS1" time="29.148" classname="WorkInProgress.Screenshootwetravelto"/>
</testsuite> <!-- WorkInProgress.Screenshootwetravelto -->
