<?xml version="1.0" encoding="UTF-8"?>
<!-- Generated by org.testng.reporters.JUnitReportReporter -->
<testsuite hostname="user-PC" name="wetravelto_selenium.SignUpWithEmail_TooltipValid_UpCaseNoAtSign_Test" tests="4" failures="0" timestamp="4 Dec 2015 23:31:13 GMT" time="12.542" errors="0">
  <testcase name="Email_UpCaseNoAtSign_TooltipValidation_Test" time="2.296" classname="wetravelto_selenium.SignUpWithEmail_TooltipValid_UpCaseNoAtSign_Test"/>
  <testcase name="WT_SU_01_00_00_02_Test" time="6.399" classname="wetravelto_selenium.SignUpWithEmail_TooltipValid_UpCaseNoAtSign_Test"/>
  <testcase name="WT_SU_01_00_00_03_Test" time="0.241" classname="wetravelto_selenium.SignUpWithEmail_TooltipValid_UpCaseNoAtSign_Test"/>
  <testcase name="WT_SU_01_00_00_00test" time="3.606" classname="wetravelto_selenium.SignUpWithEmail_TooltipValid_UpCaseNoAtSign_Test"/>
</testsuite> <!-- wetravelto_selenium.SignUpWithEmail_TooltipValid_UpCaseNoAtSign_Test -->
