<?xml version="1.0" encoding="UTF-8"?>
<!-- Generated by org.testng.reporters.JUnitReportReporter -->
<testsuite hostname="user-PC" name="workInProgress.XpathTest" tests="1" failures="0" timestamp="30 Oct 2015 03:24:13 GMT" time="7.144" errors="0">
  <testcase name="shouldNotSelectIgnoredTag" time="7.144" classname="workInProgress.XpathTest"/>
</testsuite> <!-- workInProgress.XpathTest -->
