<?xml version="1.0" encoding="UTF-8"?>
<!-- Generated by org.testng.reporters.JUnitReportReporter -->
<testsuite hostname="user-PC" name="wetravelto_selenium.signUpTestFF" tests="4" failures="0" timestamp="29 Nov 2015 07:19:47 GMT" time="21.400" errors="0">
  <testcase name="WT_SU_01_00_01_Test" time="0.270" classname="wetravelto_selenium.signUpTestFF"/>
  <testcase name="WT_SU_01_00_02_Test" time="6.674" classname="wetravelto_selenium.signUpTestFF"/>
  <testcase name="WT_SU_01_00_00_test" time="2.989" classname="wetravelto_selenium.signUpTestFF"/>
  <testcase name="WT_SU_01_00_03_Test" time="11.467" classname="wetravelto_selenium.signUpTestFF"/>
</testsuite> <!-- wetravelto_selenium.signUpTestFF -->
