<?xml version="1.0" encoding="UTF-8"?>
<!-- Generated by org.testng.reporters.JUnitReportReporter -->
<testsuite hostname="user-PC" name="workInProgress.WebPageLinks2Test" tests="1" failures="0" timestamp="10 Nov 2015 08:26:09 GMT" time="437.225" errors="0">
  <testcase name="atTest" time="437.225" classname="workInProgress.WebPageLinks2Test"/>
</testsuite> <!-- workInProgress.WebPageLinks2Test -->
