<?xml version="1.0" encoding="UTF-8"?>
<!-- Generated by org.testng.reporters.JUnitReportReporter -->
<testsuite hostname="user-PC" name="workInProgress.SeleniumTooltipMouseoverTest" tests="4" failures="0" timestamp="2 Dec 2015 16:46:31 GMT" time="30.262" errors="0">
  <testcase name="WT_SU_01_00_00_00test" time="4.814" classname="workInProgress.SeleniumTooltipMouseoverTest"/>
  <testcase name="EmailTooltip" time="2.616" classname="workInProgress.SeleniumTooltipMouseoverTest"/>
  <testcase name="WT_SU_01_00_00_03_Test" time="0.593" classname="workInProgress.SeleniumTooltipMouseoverTest"/>
  <testcase name="WT_SU_01_00_00_02_Test" time="22.239" classname="workInProgress.SeleniumTooltipMouseoverTest"/>
</testsuite> <!-- workInProgress.SeleniumTooltipMouseoverTest -->
