<?xml version="1.0" encoding="UTF-8"?>
<!-- Generated by org.testng.reporters.JUnitReportReporter -->
<testsuite hostname="user-PC" name="wetravelto_selenium.LP_FindBrokenImagesTest" tests="1" failures="0" timestamp="4 Dec 2015 23:37:42 GMT" time="12.456" errors="0">
  <testcase name="validateInvalidImages" time="12.456" classname="wetravelto_selenium.LP_FindBrokenImagesTest"/>
</testsuite> <!-- wetravelto_selenium.LP_FindBrokenImagesTest -->
