<?xml version="1.0" encoding="UTF-8"?>
<!-- Generated by org.testng.reporters.JUnitReportReporter -->
<testsuite hostname="user-PC" name="wetravelto_selenium.LP_Test_team_link" tests="1" failures="0" timestamp="28 Oct 2015 06:20:07 GMT" time="0.123" errors="0">
  <testcase name="f" time="0.123" classname="wetravelto_selenium.LP_Test_team_link"/>
</testsuite> <!-- wetravelto_selenium.LP_Test_team_link -->
