<?xml version="1.0" encoding="UTF-8"?>
<!-- Generated by org.testng.reporters.JUnitReportReporter -->
<testsuite hostname="user-PC" name="wetravelto_selenium.sigUpTest" tests="4" failures="0" timestamp="17 Nov 2015 06:12:43 GMT" time="27.274" errors="0">
  <testcase name="WT_SU_01_00_01_test" time="10.280" classname="wetravelto_selenium.sigUpTest"/>
  <testcase name="WT_SU_01_00_01_test" time="11.753" classname="wetravelto_selenium.sigUpTest"/>
  <testcase name="WT_SU_01_00_00_test" time="3.342" classname="wetravelto_selenium.sigUpTest"/>
  <testcase name="WT_SU_01_00_00_test" time="1.899" classname="wetravelto_selenium.sigUpTest"/>
</testsuite> <!-- wetravelto_selenium.sigUpTest -->
