<?xml version="1.0" encoding="UTF-8"?>
<!-- Generated by org.testng.reporters.JUnitReportReporter -->
<testsuite hostname="user-PC" name="wetravelto_selenium.FindAllLinks" tests="1" failures="0" timestamp="26 Oct 2015 16:25:07 GMT" time="30.303" errors="0">
  <testcase name="allElements" time="30.303" classname="wetravelto_selenium.FindAllLinks"/>
</testsuite> <!-- wetravelto_selenium.FindAllLinks -->
