<?xml version="1.0" encoding="UTF-8"?>
<!-- Generated by org.testng.reporters.JUnitReportReporter -->
<testsuite hostname="user-PC" name="wetravelto_selenium.SignUpMultiBrowserTest" tests="4" failures="0" timestamp="4 Dec 2015 23:03:31 GMT" time="26.124" errors="0">
  <testcase name="WT_SU_01_00_01_test" time="13.211" classname="wetravelto_selenium.SignUpMultiBrowserTest"/>
  <testcase name="WT_SU_01_00_01_test" time="7.025" classname="wetravelto_selenium.SignUpMultiBrowserTest"/>
  <testcase name="WT_SU_01_00_00_test" time="3.528" classname="wetravelto_selenium.SignUpMultiBrowserTest"/>
  <testcase name="WT_SU_01_00_00_test" time="2.360" classname="wetravelto_selenium.SignUpMultiBrowserTest"/>
</testsuite> <!-- wetravelto_selenium.SignUpMultiBrowserTest -->
