<?xml version="1.0" encoding="UTF-8"?>
<!-- Generated by org.testng.reporters.JUnitReportReporter -->
<testsuite hostname="user-PC" name="workInProgress.XpathTest1" tests="1" failures="0" timestamp="20 Nov 2015 07:46:10 GMT" time="11.626" errors="0">
  <testcase name="shouldNotSelectIgnoredTag" time="11.626" classname="workInProgress.XpathTest1"/>
</testsuite> <!-- workInProgress.XpathTest1 -->
