<?xml version="1.0" encoding="UTF-8"?>
<!-- Generated by org.testng.reporters.JUnitReportReporter -->
<testsuite hostname="user-PC" name="wetravelto_selenium.TestNgMavenSecondClass" tests="1" failures="0" timestamp="6 Dec 2015 18:21:53 GMT" time="0.001" errors="0">
  <testcase name="oneMoreTest" time="0.001" classname="wetravelto_selenium.TestNgMavenSecondClass"/>
</testsuite> <!-- wetravelto_selenium.TestNgMavenSecondClass -->
