<?xml version="1.0" encoding="UTF-8"?>
<!-- Generated by org.testng.reporters.JUnitReportReporter -->
<testsuite hostname="user-PC" name="wetravelto_selenium.LP_verify_title_Test" tests="1" failures="0" timestamp="6 Dec 2015 18:21:53 GMT" time="0.002" errors="0">
  <testcase name="findBrokenLinksTest" time="0.002" classname="wetravelto_selenium.LP_verify_title_Test"/>
</testsuite> <!-- wetravelto_selenium.LP_verify_title_Test -->
